{"/home/ctola/projects/edteam/intro-vue3-test/src/mixin.js": {"path":"/home/ctola/projects/edteam/intro-vue3-test/src/mixin.js","statementMap":{"0":{"start":{"line":1,"column":21},"end":{"line":24,"column":1}},"1":{"start":{"line":3,"column":4},"end":{"line":5,"column":6}},"2":{"start":{"line":8,"column":4},"end":{"line":8,"column":17}},"3":{"start":{"line":12,"column":6},"end":{"line":12,"column":39}},"4":{"start":{"line":15,"column":6},"end":{"line":15,"column":22}},"5":{"start":{"line":18,"column":6},"end":{"line":18,"column":17}},"6":{"start":{"line":21,"column":6},"end":{"line":21,"column":17}}},"fnMap":{"0":{"name":"(anonymous_0)","decl":{"start":{"line":2,"column":2},"end":{"line":2,"column":3}},"loc":{"start":{"line":2,"column":9},"end":{"line":6,"column":3}},"line":2},"1":{"name":"(anonymous_1)","decl":{"start":{"line":7,"column":2},"end":{"line":7,"column":3}},"loc":{"start":{"line":7,"column":12},"end":{"line":9,"column":3}},"line":7},"2":{"name":"(anonymous_2)","decl":{"start":{"line":11,"column":4},"end":{"line":11,"column":5}},"loc":{"start":{"line":11,"column":12},"end":{"line":13,"column":5}},"line":11},"3":{"name":"(anonymous_3)","decl":{"start":{"line":14,"column":4},"end":{"line":14,"column":5}},"loc":{"start":{"line":14,"column":13},"end":{"line":16,"column":5}},"line":14},"4":{"name":"(anonymous_4)","decl":{"start":{"line":17,"column":4},"end":{"line":17,"column":5}},"loc":{"start":{"line":17,"column":15},"end":{"line":19,"column":5}},"line":17},"5":{"name":"(anonymous_5)","decl":{"start":{"line":20,"column":4},"end":{"line":20,"column":5}},"loc":{"start":{"line":20,"column":15},"end":{"line":22,"column":5}},"line":20}},"branchMap":{},"s":{"0":1,"1":1,"2":1,"3":1,"4":0,"5":0,"6":0},"f":{"0":1,"1":1,"2":1,"3":0,"4":0,"5":0},"b":{},"_coverageSchema":"43e27e138ebf9cfc5966b082cf9a028302ed4184","hash":"f96d7d48e7b5b0f59c235f45d14d73f5671e085e"}
,"/home/ctola/projects/edteam/intro-vue3-test/src/components/HelloWorld.vue": {"path":"/home/ctola/projects/edteam/intro-vue3-test/src/components/HelloWorld.vue","statementMap":{"0":{"start":{"line":90,"column":15},"end":{"line":90,"column":null}}},"fnMap":{},"branchMap":{},"s":{"0":1},"f":{},"b":{}}
,"/home/ctola/projects/edteam/intro-vue3-test/src/components/MessageAsync.vue": {"path":"/home/ctola/projects/edteam/intro-vue3-test/src/components/MessageAsync.vue","statementMap":{"0":{"start":{"line":8,"column":0},"end":{"line":8,"column":null}},"1":{"start":{"line":9,"column":0},"end":{"line":9,"column":null}},"2":{"start":{"line":11,"column":15},"end":{"line":11,"column":null}},"3":{"start":{"line":13,"column":20},"end":{"line":13,"column":24}},"4":{"start":{"line":14,"column":18},"end":{"line":14,"column":22}},"5":{"start":{"line":16,"column":4},"end":{"line":16,"column":14}},"6":{"start":{"line":17,"column":6},"end":{"line":21,"column":null}},"7":{"start":{"line":18,"column":8},"end":{"line":18,"column":15}},"8":{"start":{"line":20,"column":8},"end":{"line":20,"column":13}},"9":{"start":{"line":24,"column":4},"end":{"line":24,"column":11}}},"fnMap":{"0":{"name":"(anonymous_0)","decl":{"start":{"line":12,"column":2},"end":{"line":12,"column":7}},"loc":{"start":{"line":12,"column":10},"end":{"line":28,"column":null}}},"1":{"name":"(anonymous_1)","decl":{"start":{"line":16,"column":14},"end":{"line":16,"column":26}},"loc":{"start":{"line":16,"column":26},"end":{"line":22,"column":null}}}},"branchMap":{},"s":{"0":1,"1":1,"2":1,"3":2,"4":2,"5":2,"6":2,"7":2,"8":1,"9":2},"f":{"0":2,"1":2},"b":{}}
,"/home/ctola/projects/edteam/intro-vue3-test/src/components/Todo.vue": {"path":"/home/ctola/projects/edteam/intro-vue3-test/src/components/Todo.vue","statementMap":{"0":{"start":{"line":25,"column":0},"end":{"line":25,"column":null}},"1":{"start":{"line":26,"column":0},"end":{"line":26,"column":null}},"2":{"start":{"line":27,"column":0},"end":{"line":27,"column":null}},"3":{"start":{"line":28,"column":0},"end":{"line":28,"column":null}},"4":{"start":{"line":29,"column":0},"end":{"line":29,"column":null}},"5":{"start":{"line":30,"column":0},"end":{"line":30,"column":null}},"6":{"start":{"line":32,"column":15},"end":{"line":32,"column":null}},"7":{"start":{"line":48,"column":8},"end":{"line":48,"column":null}},"8":{"start":{"line":51,"column":4},"end":{"line":51,"column":14}},"9":{"start":{"line":52,"column":6},"end":{"line":52,"column":13}},"10":{"start":{"line":53,"column":27},"end":{"line":53,"column":null}},"11":{"start":{"line":75,"column":6},"end":{"line":75,"column":11}},"12":{"start":{"line":78,"column":4},"end":{"line":78,"column":20}},"13":{"start":{"line":79,"column":6},"end":{"line":79,"column":13}},"14":{"start":{"line":123,"column":4},"end":{"line":123,"column":11}}},"fnMap":{"0":{"name":"(anonymous_0)","decl":{"start":{"line":39,"column":2},"end":{"line":39,"column":7}},"loc":{"start":{"line":39,"column":10},"end":{"line":137,"column":null}}},"1":{"name":"(anonymous_1)","decl":{"start":{"line":51,"column":14},"end":{"line":51,"column":20}},"loc":{"start":{"line":51,"column":20},"end":{"line":76,"column":null}}},"2":{"name":"(anonymous_2)","decl":{"start":{"line":78,"column":20},"end":{"line":78,"column":26}},"loc":{"start":{"line":78,"column":26},"end":{"line":80,"column":null}}}},"branchMap":{},"s":{"0":1,"1":1,"2":1,"3":1,"4":1,"5":1,"6":1,"7":1,"8":1,"9":1,"10":1,"11":1,"12":1,"13":0,"14":1},"f":{"0":1,"1":1,"2":0},"b":{}}
,"/home/ctola/projects/edteam/intro-vue3-test/src/components/TodoForm.vue": {"path":"/home/ctola/projects/edteam/intro-vue3-test/src/components/TodoForm.vue","statementMap":{"0":{"start":{"line":5,"column":0},"end":{"line":5,"column":null}},"1":{"start":{"line":6,"column":15},"end":{"line":6,"column":null}},"2":{"start":{"line":8,"column":22},"end":{"line":8,"column":26}},"3":{"start":{"line":11,"column":20},"end":{"line":14,"column":null}},"4":{"start":{"line":12,"column":6},"end":{"line":12,"column":10}},"5":{"start":{"line":13,"column":6},"end":{"line":13,"column":15}},"6":{"start":{"line":16,"column":4},"end":{"line":16,"column":11}}},"fnMap":{"0":{"name":"(anonymous_0)","decl":{"start":{"line":7,"column":2},"end":{"line":7,"column":7}},"loc":{"start":{"line":7,"column":25},"end":{"line":20,"column":null}}},"1":{"name":"(anonymous_1)","decl":{"start":{"line":11,"column":20},"end":{"line":11,"column":26}},"loc":{"start":{"line":11,"column":26},"end":{"line":14,"column":null}}}},"branchMap":{},"s":{"0":1,"1":1,"2":1,"3":1,"4":1,"5":1,"6":1},"f":{"0":1,"1":1},"b":{}}
,"/home/ctola/projects/edteam/intro-vue3-test/src/components/TodoInfo.vue": {"path":"/home/ctola/projects/edteam/intro-vue3-test/src/components/TodoInfo.vue","statementMap":{"0":{"start":{"line":9,"column":15},"end":{"line":9,"column":null}}},"fnMap":{},"branchMap":{},"s":{"0":1},"f":{},"b":{}}
,"/home/ctola/projects/edteam/intro-vue3-test/src/components/TodoItem.vue": {"path":"/home/ctola/projects/edteam/intro-vue3-test/src/components/TodoItem.vue","statementMap":{"0":{"start":{"line":27,"column":0},"end":{"line":27,"column":null}},"1":{"start":{"line":28,"column":15},"end":{"line":28,"column":null}}},"fnMap":{"0":{"name":"(anonymous_0)","decl":{"start":{"line":36,"column":2},"end":{"line":36,"column":7}},"loc":{"start":{"line":36,"column":10},"end":{"line":36,"column":null}}}},"branchMap":{},"s":{"0":1,"1":1},"f":{"0":5},"b":{}}
,"/home/ctola/projects/edteam/intro-vue3-test/src/components/TodoItemBtn.vue": {"path":"/home/ctola/projects/edteam/intro-vue3-test/src/components/TodoItemBtn.vue","statementMap":{"0":{"start":{"line":13,"column":15},"end":{"line":13,"column":null}}},"fnMap":{},"branchMap":{},"s":{"0":2},"f":{},"b":{}}
,"/home/ctola/projects/edteam/intro-vue3-test/src/composables/useTodo.js": {"path":"/home/ctola/projects/edteam/intro-vue3-test/src/composables/useTodo.js","statementMap":{"0":{"start":{"line":4,"column":16},"end":{"line":59,"column":1}},"1":{"start":{"line":6,"column":16},"end":{"line":6,"column":33}},"2":{"start":{"line":9,"column":18},"end":{"line":16,"column":3}},"3":{"start":{"line":10,"column":4},"end":{"line":10,"column":33}},"4":{"start":{"line":11,"column":4},"end":{"line":15,"column":7}},"5":{"start":{"line":18,"column":23},"end":{"line":21,"column":3}},"6":{"start":{"line":20,"column":4},"end":{"line":20,"column":28}},"7":{"start":{"line":23,"column":21},"end":{"line":29,"column":3}},"8":{"start":{"line":24,"column":26},"end":{"line":26,"column":6}},"9":{"start":{"line":25,"column":6},"end":{"line":25,"column":40}},"10":{"start":{"line":27,"column":4},"end":{"line":27,"column":31}},"11":{"start":{"line":28,"column":4},"end":{"line":28,"column":32}},"12":{"start":{"line":32,"column":24},"end":{"line":34,"column":4}},"13":{"start":{"line":33,"column":4},"end":{"line":33,"column":30}},"14":{"start":{"line":36,"column":25},"end":{"line":41,"column":4}},"15":{"start":{"line":37,"column":27},"end":{"line":39,"column":6}},"16":{"start":{"line":38,"column":6},"end":{"line":38,"column":39}},"17":{"start":{"line":40,"column":4},"end":{"line":40,"column":33}},"18":{"start":{"line":43,"column":23},"end":{"line":48,"column":4}},"19":{"start":{"line":44,"column":20},"end":{"line":46,"column":6}},"20":{"start":{"line":45,"column":6},"end":{"line":45,"column":40}},"21":{"start":{"line":47,"column":4},"end":{"line":47,"column":26}},"22":{"start":{"line":50,"column":2},"end":{"line":58,"column":4}}},"fnMap":{"0":{"name":"(anonymous_0)","decl":{"start":{"line":4,"column":16},"end":{"line":4,"column":17}},"loc":{"start":{"line":4,"column":39},"end":{"line":59,"column":1}},"line":4},"1":{"name":"(anonymous_1)","decl":{"start":{"line":9,"column":18},"end":{"line":9,"column":19}},"loc":{"start":{"line":9,"column":37},"end":{"line":16,"column":3}},"line":9},"2":{"name":"(anonymous_2)","decl":{"start":{"line":18,"column":23},"end":{"line":18,"column":24}},"loc":{"start":{"line":18,"column":33},"end":{"line":21,"column":3}},"line":18},"3":{"name":"(anonymous_3)","decl":{"start":{"line":23,"column":21},"end":{"line":23,"column":22}},"loc":{"start":{"line":23,"column":38},"end":{"line":29,"column":3}},"line":23},"4":{"name":"(anonymous_4)","decl":{"start":{"line":24,"column":45},"end":{"line":24,"column":46}},"loc":{"start":{"line":24,"column":55},"end":{"line":26,"column":5}},"line":24},"5":{"name":"(anonymous_5)","decl":{"start":{"line":32,"column":33},"end":{"line":32,"column":34}},"loc":{"start":{"line":32,"column":39},"end":{"line":34,"column":3}},"line":32},"6":{"name":"(anonymous_6)","decl":{"start":{"line":36,"column":34},"end":{"line":36,"column":35}},"loc":{"start":{"line":36,"column":40},"end":{"line":41,"column":3}},"line":36},"7":{"name":"(anonymous_7)","decl":{"start":{"line":37,"column":46},"end":{"line":37,"column":47}},"loc":{"start":{"line":37,"column":56},"end":{"line":39,"column":5}},"line":37},"8":{"name":"(anonymous_8)","decl":{"start":{"line":43,"column":32},"end":{"line":43,"column":33}},"loc":{"start":{"line":43,"column":38},"end":{"line":48,"column":3}},"line":43},"9":{"name":"(anonymous_9)","decl":{"start":{"line":44,"column":39},"end":{"line":44,"column":40}},"loc":{"start":{"line":44,"column":49},"end":{"line":46,"column":5}},"line":44}},"branchMap":{"0":{"loc":{"start":{"line":4,"column":17},"end":{"line":4,"column":34}},"type":"default-arg","locations":[{"start":{"line":4,"column":32},"end":{"line":4,"column":34}}],"line":4}},"s":{"0":2,"1":3,"2":3,"3":2,"4":2,"5":3,"6":0,"7":3,"8":0,"9":0,"10":0,"11":0,"12":3,"13":2,"14":3,"15":2,"16":5,"17":2,"18":3,"19":2,"20":5,"21":2,"22":3},"f":{"0":3,"1":2,"2":0,"3":0,"4":0,"5":2,"6":2,"7":5,"8":2,"9":5},"b":{"0":[3]},"_coverageSchema":"43e27e138ebf9cfc5966b082cf9a028302ed4184","hash":"65837fb6713c1e09e9f5eb961041ea447f8f82ce"}
,"/home/ctola/projects/edteam/intro-vue3-test/src/services/axios.js": {"path":"/home/ctola/projects/edteam/intro-vue3-test/src/services/axios.js","statementMap":{"0":{"start":{"line":4,"column":2},"end":{"line":6,"column":5}},"1":{"start":{"line":5,"column":4},"end":{"line":5,"column":25}}},"fnMap":{"0":{"name":"getMessage","decl":{"start":{"line":3,"column":16},"end":{"line":3,"column":26}},"loc":{"start":{"line":3,"column":29},"end":{"line":7,"column":1}},"line":3},"1":{"name":"(anonymous_1)","decl":{"start":{"line":4,"column":57},"end":{"line":4,"column":58}},"loc":{"start":{"line":4,"column":71},"end":{"line":6,"column":3}},"line":4}},"branchMap":{},"s":{"0":0,"1":0},"f":{"0":0,"1":0},"b":{},"_coverageSchema":"43e27e138ebf9cfc5966b082cf9a028302ed4184","hash":"f1995d2489d48a44732973b0f85a9aec104e1988"}
,"/home/ctola/projects/edteam/intro-vue3-test/src/views/Product.vue": {"path":"/home/ctola/projects/edteam/intro-vue3-test/src/views/Product.vue","statementMap":{"0":{"start":{"line":10,"column":0},"end":{"line":10,"column":null}},"1":{"start":{"line":11,"column":0},"end":{"line":11,"column":null}},"2":{"start":{"line":13,"column":15},"end":{"line":13,"column":null}},"3":{"start":{"line":15,"column":4},"end":{"line":15,"column":11}},"4":{"start":{"line":21,"column":18},"end":{"line":21,"column":null}},"5":{"start":{"line":22,"column":22},"end":{"line":22,"column":null}},"6":{"start":{"line":24,"column":4},"end":{"line":24,"column":11}}},"fnMap":{"0":{"name":"(anonymous_0)","decl":{"start":{"line":14,"column":2},"end":{"line":14,"column":6}},"loc":{"start":{"line":14,"column":9},"end":{"line":18,"column":null}}},"1":{"name":"(anonymous_1)","decl":{"start":{"line":20,"column":2},"end":{"line":20,"column":7}},"loc":{"start":{"line":20,"column":10},"end":{"line":27,"column":null}}}},"branchMap":{},"s":{"0":1,"1":1,"2":1,"3":1,"4":1,"5":1,"6":1},"f":{"0":1,"1":1},"b":{}}
}
