TN:
SF:/home/ctola/projects/edteam/intro-vue3-test/src/mixin.js
FN:2,(anonymous_0)
FN:7,(anonymous_1)
FN:11,(anonymous_2)
FN:14,(anonymous_3)
FN:17,(anonymous_4)
FN:20,(anonymous_5)
FNF:6
FNH:3
FNDA:1,(anonymous_0)
FNDA:1,(anonymous_1)
FNDA:1,(anonymous_2)
FNDA:0,(anonymous_3)
FNDA:0,(anonymous_4)
FNDA:0,(anonymous_5)
DA:1,1
DA:3,1
DA:8,1
DA:12,1
DA:15,0
DA:18,0
DA:21,0
LF:7
LH:4
BRF:0
BRH:0
end_of_record
TN:
SF:/home/ctola/projects/edteam/intro-vue3-test/src/components/HelloWorld.vue
FNF:0
FNH:0
DA:90,1
LF:1
LH:1
BRF:0
BRH:0
end_of_record
TN:
SF:/home/ctola/projects/edteam/intro-vue3-test/src/components/MessageAsync.vue
FN:12,(anonymous_0)
FN:16,(anonymous_1)
FNF:2
FNH:2
FNDA:2,(anonymous_0)
FNDA:2,(anonymous_1)
DA:8,1
DA:9,1
DA:11,1
DA:13,2
DA:14,2
DA:16,2
DA:17,2
DA:18,2
DA:20,1
DA:24,2
LF:10
LH:10
BRF:0
BRH:0
end_of_record
TN:
SF:/home/ctola/projects/edteam/intro-vue3-test/src/components/Todo.vue
FN:39,(anonymous_0)
FN:51,(anonymous_1)
FN:78,(anonymous_2)
FNF:3
FNH:2
FNDA:1,(anonymous_0)
FNDA:1,(anonymous_1)
FNDA:0,(anonymous_2)
DA:25,1
DA:26,1
DA:27,1
DA:28,1
DA:29,1
DA:30,1
DA:32,1
DA:48,1
DA:51,1
DA:52,1
DA:53,1
DA:75,1
DA:78,1
DA:79,0
DA:123,1
LF:15
LH:14
BRF:0
BRH:0
end_of_record
TN:
SF:/home/ctola/projects/edteam/intro-vue3-test/src/components/TodoForm.vue
FN:7,(anonymous_0)
FN:11,(anonymous_1)
FNF:2
FNH:2
FNDA:1,(anonymous_0)
FNDA:1,(anonymous_1)
DA:5,1
DA:6,1
DA:8,1
DA:11,1
DA:12,1
DA:13,1
DA:16,1
LF:7
LH:7
BRF:0
BRH:0
end_of_record
TN:
SF:/home/ctola/projects/edteam/intro-vue3-test/src/components/TodoInfo.vue
FNF:0
FNH:0
DA:9,1
LF:1
LH:1
BRF:0
BRH:0
end_of_record
TN:
SF:/home/ctola/projects/edteam/intro-vue3-test/src/components/TodoItem.vue
FN:36,(anonymous_0)
FNF:1
FNH:1
FNDA:5,(anonymous_0)
DA:27,1
DA:28,1
LF:2
LH:2
BRF:0
BRH:0
end_of_record
TN:
SF:/home/ctola/projects/edteam/intro-vue3-test/src/components/TodoItemBtn.vue
FNF:0
FNH:0
DA:13,2
LF:1
LH:1
BRF:0
BRH:0
end_of_record
TN:
SF:/home/ctola/projects/edteam/intro-vue3-test/src/composables/useTodo.js
FN:4,(anonymous_0)
FN:9,(anonymous_1)
FN:18,(anonymous_2)
FN:23,(anonymous_3)
FN:24,(anonymous_4)
FN:32,(anonymous_5)
FN:36,(anonymous_6)
FN:37,(anonymous_7)
FN:43,(anonymous_8)
FN:44,(anonymous_9)
FNF:10
FNH:7
FNDA:3,(anonymous_0)
FNDA:2,(anonymous_1)
FNDA:0,(anonymous_2)
FNDA:0,(anonymous_3)
FNDA:0,(anonymous_4)
FNDA:2,(anonymous_5)
FNDA:2,(anonymous_6)
FNDA:5,(anonymous_7)
FNDA:2,(anonymous_8)
FNDA:5,(anonymous_9)
DA:4,2
DA:6,3
DA:9,3
DA:10,2
DA:11,2
DA:18,3
DA:20,0
DA:23,3
DA:24,0
DA:25,0
DA:27,0
DA:28,0
DA:32,3
DA:33,2
DA:36,3
DA:37,2
DA:38,5
DA:40,2
DA:43,3
DA:44,2
DA:45,5
DA:47,2
DA:50,3
LF:23
LH:18
BRDA:4,0,0,3
BRF:1
BRH:1
end_of_record
TN:
SF:/home/ctola/projects/edteam/intro-vue3-test/src/services/axios.js
FN:3,getMessage
FN:4,(anonymous_1)
FNF:2
FNH:0
FNDA:0,getMessage
FNDA:0,(anonymous_1)
DA:4,0
DA:5,0
LF:2
LH:0
BRF:0
BRH:0
end_of_record
TN:
SF:/home/ctola/projects/edteam/intro-vue3-test/src/views/Product.vue
FN:14,(anonymous_0)
FN:20,(anonymous_1)
FNF:2
FNH:2
FNDA:1,(anonymous_0)
FNDA:1,(anonymous_1)
DA:10,1
DA:11,1
DA:13,1
DA:15,1
DA:21,1
DA:22,1
DA:24,1
LF:7
LH:7
BRF:0
BRH:0
end_of_record
